<?xml version="1.0" encoding="UTF-8"?>
<testsuite xmlns:xsi="http://www.w3.org/2001/XMLSchema-instance" xsi:noNamespaceSchemaLocation="https://maven.apache.org/surefire/maven-surefire-plugin/xsd/surefire-test-report-3.0.xsd" version="3.0" name="com.org.testapi.TestForSampleAPI" time="7.24" tests="8" errors="0" skipped="0" failures="2">
  <properties>
    <property name="gopherProxySet" value="false"/>
    <property name="awt.toolkit" value="sun.lwawt.macosx.LWCToolkit"/>
    <property name="java.specification.version" value="11"/>
    <property name="sun.cpu.isalist" value=""/>
    <property name="sun.jnu.encoding" value="UTF-8"/>
    <property name="java.class.path" value="/Users/sailajamachiraju/Mobiquity/target/test-classes:/Users/sailajamachiraju/Mobiquity/target/classes:/Users/sailajamachiraju/.m2/repository/org/skyscreamer/jsonassert/1.5.0/jsonassert-1.5.0.jar:/Users/sailajamachiraju/.m2/repository/com/vaadin/external/google/android-json/0.0.20131108.vaadin1/android-json-0.0.20131108.vaadin1.jar:/Users/sailajamachiraju/.m2/repository/org/apache/maven/plugins/maven-resources-plugin/3.2.0/maven-resources-plugin-3.2.0.jar:/Users/sailajamachiraju/.m2/repository/org/apache/maven/maven-plugin-api/3.1.0/maven-plugin-api-3.1.0.jar:/Users/sailajamachiraju/.m2/repository/org/apache/maven/maven-artifact/3.1.0/maven-artifact-3.1.0.jar:/Users/sailajamachiraju/.m2/repository/org/apache/maven/maven-core/3.1.0/maven-core-3.1.0.jar:/Users/sailajamachiraju/.m2/repository/org/apache/maven/maven-settings/3.1.0/maven-settings-3.1.0.jar:/Users/sailajamachiraju/.m2/repository/org/apache/maven/maven-settings-builder/3.1.0/maven-settings-builder-3.1.0.jar:/Users/sailajamachiraju/.m2/repository/org/apache/maven/maven-repository-metadata/3.1.0/maven-repository-metadata-3.1.0.jar:/Users/sailajamachiraju/.m2/repository/org/apache/maven/maven-model-builder/3.1.0/maven-model-builder-3.1.0.jar:/Users/sailajamachiraju/.m2/repository/org/apache/maven/maven-aether-provider/3.1.0/maven-aether-provider-3.1.0.jar:/Users/sailajamachiraju/.m2/repository/org/eclipse/aether/aether-spi/0.9.0.M2/aether-spi-0.9.0.M2.jar:/Users/sailajamachiraju/.m2/repository/org/eclipse/aether/aether-impl/0.9.0.M2/aether-impl-0.9.0.M2.jar:/Users/sailajamachiraju/.m2/repository/org/eclipse/aether/aether-api/0.9.0.M2/aether-api-0.9.0.M2.jar:/Users/sailajamachiraju/.m2/repository/org/eclipse/aether/aether-util/0.9.0.M2/aether-util-0.9.0.M2.jar:/Users/sailajamachiraju/.m2/repository/org/codehaus/plexus/plexus-utils/3.0.10/plexus-utils-3.0.10.jar:/Users/sailajamachiraju/.m2/repository/org/codehaus/plexus/plexus-classworlds/2.4.2/plexus-classworlds-2.4.2.jar:/Users/sailajamachiraju/.m2/repository/org/sonatype/plexus/plexus-sec-dispatcher/1.3/plexus-sec-dispatcher-1.3.jar:/Users/sailajamachiraju/.m2/repository/org/sonatype/plexus/plexus-cipher/1.4/plexus-cipher-1.4.jar:/Users/sailajamachiraju/.m2/repository/org/apache/maven/maven-model/3.1.0/maven-model-3.1.0.jar:/Users/sailajamachiraju/.m2/repository/org/codehaus/plexus/plexus-component-annotations/2.0.0/plexus-component-annotations-2.0.0.jar:/Users/sailajamachiraju/.m2/repository/org/codehaus/plexus/plexus-interpolation/1.26/plexus-interpolation-1.26.jar:/Users/sailajamachiraju/.m2/repository/org/eclipse/sisu/org.eclipse.sisu.plexus/0.0.0.M2a/org.eclipse.sisu.plexus-0.0.0.M2a.jar:/Users/sailajamachiraju/.m2/repository/javax/enterprise/cdi-api/1.0/cdi-api-1.0.jar:/Users/sailajamachiraju/.m2/repository/javax/annotation/jsr250-api/1.0/jsr250-api-1.0.jar:/Users/sailajamachiraju/.m2/repository/javax/inject/javax.inject/1/javax.inject-1.jar:/Users/sailajamachiraju/.m2/repository/com/google/guava/guava/10.0.1/guava-10.0.1.jar:/Users/sailajamachiraju/.m2/repository/com/google/code/findbugs/jsr305/1.3.9/jsr305-1.3.9.jar:/Users/sailajamachiraju/.m2/repository/org/sonatype/sisu/sisu-guice/3.1.0/sisu-guice-3.1.0-no_aop.jar:/Users/sailajamachiraju/.m2/repository/aopalliance/aopalliance/1.0/aopalliance-1.0.jar:/Users/sailajamachiraju/.m2/repository/org/eclipse/sisu/org.eclipse.sisu.inject/0.0.0.M2a/org.eclipse.sisu.inject-0.0.0.M2a.jar:/Users/sailajamachiraju/.m2/repository/asm/asm/3.3.1/asm-3.3.1.jar:/Users/sailajamachiraju/.m2/repository/org/apache/maven/shared/maven-filtering/3.2.0/maven-filtering-3.2.0.jar:/Users/sailajamachiraju/.m2/repository/org/apache/maven/shared/maven-shared-utils/3.3.3/maven-shared-utils-3.3.3.jar:/Users/sailajamachiraju/.m2/repository/org/sonatype/plexus/plexus-build-api/0.0.7/plexus-build-api-0.0.7.jar:/Users/sailajamachiraju/.m2/repository/commons-io/commons-io/2.6/commons-io-2.6.jar:/Users/sailajamachiraju/.m2/repository/org/apache/commons/commons-lang3/3.8.1/commons-lang3-3.8.1.jar:/Users/sailajamachiraju/.m2/repository/org/testng/testng/7.4.0/testng-7.4.0.jar:/Users/sailajamachiraju/.m2/repository/com/beust/jcommander/1.78/jcommander-1.78.jar:/Users/sailajamachiraju/.m2/repository/org/webjars/jquery/3.5.1/jquery-3.5.1.jar:/Users/sailajamachiraju/.m2/repository/io/rest-assured/rest-assured/4.4.0/rest-assured-4.4.0.jar:/Users/sailajamachiraju/.m2/repository/org/codehaus/groovy/groovy/3.0.8/groovy-3.0.8.jar:/Users/sailajamachiraju/.m2/repository/org/codehaus/groovy/groovy-xml/3.0.8/groovy-xml-3.0.8.jar:/Users/sailajamachiraju/.m2/repository/org/apache/httpcomponents/httpclient/4.5.13/httpclient-4.5.13.jar:/Users/sailajamachiraju/.m2/repository/org/apache/httpcomponents/httpcore/4.4.13/httpcore-4.4.13.jar:/Users/sailajamachiraju/.m2/repository/commons-logging/commons-logging/1.2/commons-logging-1.2.jar:/Users/sailajamachiraju/.m2/repository/commons-codec/commons-codec/1.11/commons-codec-1.11.jar:/Users/sailajamachiraju/.m2/repository/org/apache/httpcomponents/httpmime/4.5.13/httpmime-4.5.13.jar:/Users/sailajamachiraju/.m2/repository/org/hamcrest/hamcrest/2.1/hamcrest-2.1.jar:/Users/sailajamachiraju/.m2/repository/org/ccil/cowan/tagsoup/tagsoup/1.2.1/tagsoup-1.2.1.jar:/Users/sailajamachiraju/.m2/repository/io/rest-assured/json-path/4.4.0/json-path-4.4.0.jar:/Users/sailajamachiraju/.m2/repository/org/codehaus/groovy/groovy-json/3.0.8/groovy-json-3.0.8.jar:/Users/sailajamachiraju/.m2/repository/io/rest-assured/rest-assured-common/4.4.0/rest-assured-common-4.4.0.jar:/Users/sailajamachiraju/.m2/repository/io/rest-assured/xml-path/4.4.0/xml-path-4.4.0.jar:/Users/sailajamachiraju/.m2/repository/jakarta/xml/bind/jakarta.xml.bind-api/2.3.3/jakarta.xml.bind-api-2.3.3.jar:/Users/sailajamachiraju/.m2/repository/jakarta/activation/jakarta.activation-api/1.2.2/jakarta.activation-api-1.2.2.jar:/Users/sailajamachiraju/.m2/repository/com/sun/xml/bind/jaxb-impl/2.3.3/jaxb-impl-2.3.3.jar:/Users/sailajamachiraju/.m2/repository/io/qameta/allure/allure-testng/2.15.0/allure-testng-2.15.0.jar:/Users/sailajamachiraju/.m2/repository/io/qameta/allure/allure-java-commons/2.15.0/allure-java-commons-2.15.0.jar:/Users/sailajamachiraju/.m2/repository/org/slf4j/slf4j-api/1.7.30/slf4j-api-1.7.30.jar:/Users/sailajamachiraju/.m2/repository/io/qameta/allure/allure-model/2.15.0/allure-model-2.15.0.jar:/Users/sailajamachiraju/.m2/repository/io/qameta/allure/allure-test-filter/2.15.0/allure-test-filter-2.15.0.jar:"/>
    <property name="java.vm.vendor" value="AdoptOpenJDK"/>
    <property name="sun.arch.data.model" value="64"/>
    <property name="java.vendor.url" value="https://adoptopenjdk.net/"/>
    <property name="user.timezone" value=""/>
    <property name="java.vm.specification.version" value="11"/>
    <property name="os.name" value="Mac OS X"/>
    <property name="sun.java.launcher" value="SUN_STANDARD"/>
    <property name="user.country" value="US"/>
    <property name="sun.boot.library.path" value="/Library/Java/JavaVirtualMachines/adoptopenjdk-11.jdk/Contents/Home/lib"/>
    <property name="sun.java.command" value="/Users/sailajamachiraju/Mobiquity/target/surefire/surefirebooter15950990365618594100.jar /Users/sailajamachiraju/Mobiquity/target/surefire 2021-09-17T17-33-26_467-jvmRun1 surefire3011452421690347426tmp surefire_07239081572603697182tmp"/>
    <property name="http.nonProxyHosts" value="local|*.local|169.254/16|*.169.254/16|127.0.0.1|localhost|*.localhost"/>
    <property name="jdk.debug" value="release"/>
    <property name="surefire.test.class.path" value="/Users/sailajamachiraju/Mobiquity/target/test-classes:/Users/sailajamachiraju/Mobiquity/target/classes:/Users/sailajamachiraju/.m2/repository/org/skyscreamer/jsonassert/1.5.0/jsonassert-1.5.0.jar:/Users/sailajamachiraju/.m2/repository/com/vaadin/external/google/android-json/0.0.20131108.vaadin1/android-json-0.0.20131108.vaadin1.jar:/Users/sailajamachiraju/.m2/repository/org/apache/maven/plugins/maven-resources-plugin/3.2.0/maven-resources-plugin-3.2.0.jar:/Users/sailajamachiraju/.m2/repository/org/apache/maven/maven-plugin-api/3.1.0/maven-plugin-api-3.1.0.jar:/Users/sailajamachiraju/.m2/repository/org/apache/maven/maven-artifact/3.1.0/maven-artifact-3.1.0.jar:/Users/sailajamachiraju/.m2/repository/org/apache/maven/maven-core/3.1.0/maven-core-3.1.0.jar:/Users/sailajamachiraju/.m2/repository/org/apache/maven/maven-settings/3.1.0/maven-settings-3.1.0.jar:/Users/sailajamachiraju/.m2/repository/org/apache/maven/maven-settings-builder/3.1.0/maven-settings-builder-3.1.0.jar:/Users/sailajamachiraju/.m2/repository/org/apache/maven/maven-repository-metadata/3.1.0/maven-repository-metadata-3.1.0.jar:/Users/sailajamachiraju/.m2/repository/org/apache/maven/maven-model-builder/3.1.0/maven-model-builder-3.1.0.jar:/Users/sailajamachiraju/.m2/repository/org/apache/maven/maven-aether-provider/3.1.0/maven-aether-provider-3.1.0.jar:/Users/sailajamachiraju/.m2/repository/org/eclipse/aether/aether-spi/0.9.0.M2/aether-spi-0.9.0.M2.jar:/Users/sailajamachiraju/.m2/repository/org/eclipse/aether/aether-impl/0.9.0.M2/aether-impl-0.9.0.M2.jar:/Users/sailajamachiraju/.m2/repository/org/eclipse/aether/aether-api/0.9.0.M2/aether-api-0.9.0.M2.jar:/Users/sailajamachiraju/.m2/repository/org/eclipse/aether/aether-util/0.9.0.M2/aether-util-0.9.0.M2.jar:/Users/sailajamachiraju/.m2/repository/org/codehaus/plexus/plexus-utils/3.0.10/plexus-utils-3.0.10.jar:/Users/sailajamachiraju/.m2/repository/org/codehaus/plexus/plexus-classworlds/2.4.2/plexus-classworlds-2.4.2.jar:/Users/sailajamachiraju/.m2/repository/org/sonatype/plexus/plexus-sec-dispatcher/1.3/plexus-sec-dispatcher-1.3.jar:/Users/sailajamachiraju/.m2/repository/org/sonatype/plexus/plexus-cipher/1.4/plexus-cipher-1.4.jar:/Users/sailajamachiraju/.m2/repository/org/apache/maven/maven-model/3.1.0/maven-model-3.1.0.jar:/Users/sailajamachiraju/.m2/repository/org/codehaus/plexus/plexus-component-annotations/2.0.0/plexus-component-annotations-2.0.0.jar:/Users/sailajamachiraju/.m2/repository/org/codehaus/plexus/plexus-interpolation/1.26/plexus-interpolation-1.26.jar:/Users/sailajamachiraju/.m2/repository/org/eclipse/sisu/org.eclipse.sisu.plexus/0.0.0.M2a/org.eclipse.sisu.plexus-0.0.0.M2a.jar:/Users/sailajamachiraju/.m2/repository/javax/enterprise/cdi-api/1.0/cdi-api-1.0.jar:/Users/sailajamachiraju/.m2/repository/javax/annotation/jsr250-api/1.0/jsr250-api-1.0.jar:/Users/sailajamachiraju/.m2/repository/javax/inject/javax.inject/1/javax.inject-1.jar:/Users/sailajamachiraju/.m2/repository/com/google/guava/guava/10.0.1/guava-10.0.1.jar:/Users/sailajamachiraju/.m2/repository/com/google/code/findbugs/jsr305/1.3.9/jsr305-1.3.9.jar:/Users/sailajamachiraju/.m2/repository/org/sonatype/sisu/sisu-guice/3.1.0/sisu-guice-3.1.0-no_aop.jar:/Users/sailajamachiraju/.m2/repository/aopalliance/aopalliance/1.0/aopalliance-1.0.jar:/Users/sailajamachiraju/.m2/repository/org/eclipse/sisu/org.eclipse.sisu.inject/0.0.0.M2a/org.eclipse.sisu.inject-0.0.0.M2a.jar:/Users/sailajamachiraju/.m2/repository/asm/asm/3.3.1/asm-3.3.1.jar:/Users/sailajamachiraju/.m2/repository/org/apache/maven/shared/maven-filtering/3.2.0/maven-filtering-3.2.0.jar:/Users/sailajamachiraju/.m2/repository/org/apache/maven/shared/maven-shared-utils/3.3.3/maven-shared-utils-3.3.3.jar:/Users/sailajamachiraju/.m2/repository/org/sonatype/plexus/plexus-build-api/0.0.7/plexus-build-api-0.0.7.jar:/Users/sailajamachiraju/.m2/repository/commons-io/commons-io/2.6/commons-io-2.6.jar:/Users/sailajamachiraju/.m2/repository/org/apache/commons/commons-lang3/3.8.1/commons-lang3-3.8.1.jar:/Users/sailajamachiraju/.m2/repository/org/testng/testng/7.4.0/testng-7.4.0.jar:/Users/sailajamachiraju/.m2/repository/com/beust/jcommander/1.78/jcommander-1.78.jar:/Users/sailajamachiraju/.m2/repository/org/webjars/jquery/3.5.1/jquery-3.5.1.jar:/Users/sailajamachiraju/.m2/repository/io/rest-assured/rest-assured/4.4.0/rest-assured-4.4.0.jar:/Users/sailajamachiraju/.m2/repository/org/codehaus/groovy/groovy/3.0.8/groovy-3.0.8.jar:/Users/sailajamachiraju/.m2/repository/org/codehaus/groovy/groovy-xml/3.0.8/groovy-xml-3.0.8.jar:/Users/sailajamachiraju/.m2/repository/org/apache/httpcomponents/httpclient/4.5.13/httpclient-4.5.13.jar:/Users/sailajamachiraju/.m2/repository/org/apache/httpcomponents/httpcore/4.4.13/httpcore-4.4.13.jar:/Users/sailajamachiraju/.m2/repository/commons-logging/commons-logging/1.2/commons-logging-1.2.jar:/Users/sailajamachiraju/.m2/repository/commons-codec/commons-codec/1.11/commons-codec-1.11.jar:/Users/sailajamachiraju/.m2/repository/org/apache/httpcomponents/httpmime/4.5.13/httpmime-4.5.13.jar:/Users/sailajamachiraju/.m2/repository/org/hamcrest/hamcrest/2.1/hamcrest-2.1.jar:/Users/sailajamachiraju/.m2/repository/org/ccil/cowan/tagsoup/tagsoup/1.2.1/tagsoup-1.2.1.jar:/Users/sailajamachiraju/.m2/repository/io/rest-assured/json-path/4.4.0/json-path-4.4.0.jar:/Users/sailajamachiraju/.m2/repository/org/codehaus/groovy/groovy-json/3.0.8/groovy-json-3.0.8.jar:/Users/sailajamachiraju/.m2/repository/io/rest-assured/rest-assured-common/4.4.0/rest-assured-common-4.4.0.jar:/Users/sailajamachiraju/.m2/repository/io/rest-assured/xml-path/4.4.0/xml-path-4.4.0.jar:/Users/sailajamachiraju/.m2/repository/jakarta/xml/bind/jakarta.xml.bind-api/2.3.3/jakarta.xml.bind-api-2.3.3.jar:/Users/sailajamachiraju/.m2/repository/jakarta/activation/jakarta.activation-api/1.2.2/jakarta.activation-api-1.2.2.jar:/Users/sailajamachiraju/.m2/repository/com/sun/xml/bind/jaxb-impl/2.3.3/jaxb-impl-2.3.3.jar:/Users/sailajamachiraju/.m2/repository/io/qameta/allure/allure-testng/2.15.0/allure-testng-2.15.0.jar:/Users/sailajamachiraju/.m2/repository/io/qameta/allure/allure-java-commons/2.15.0/allure-java-commons-2.15.0.jar:/Users/sailajamachiraju/.m2/repository/org/slf4j/slf4j-api/1.7.30/slf4j-api-1.7.30.jar:/Users/sailajamachiraju/.m2/repository/io/qameta/allure/allure-model/2.15.0/allure-model-2.15.0.jar:/Users/sailajamachiraju/.m2/repository/io/qameta/allure/allure-test-filter/2.15.0/allure-test-filter-2.15.0.jar:"/>
    <property name="sun.cpu.endian" value="little"/>
    <property name="user.home" value="/Users/sailajamachiraju"/>
    <property name="user.language" value="en"/>
    <property name="java.specification.vendor" value="Oracle Corporation"/>
    <property name="java.version.date" value="2020-07-14"/>
    <property name="java.home" value="/Library/Java/JavaVirtualMachines/adoptopenjdk-11.jdk/Contents/Home"/>
    <property name="file.separator" value="/"/>
    <property name="basedir" value="/Users/sailajamachiraju/Mobiquity"/>
    <property name="java.vm.compressedOopsMode" value="Zero based"/>
    <property name="line.separator" value="&#10;"/>
    <property name="java.specification.name" value="Java Platform API Specification"/>
    <property name="java.vm.specification.vendor" value="Oracle Corporation"/>
    <property name="java.awt.graphicsenv" value="sun.awt.CGraphicsEnvironment"/>
    <property name="surefire.real.class.path" value="/Users/sailajamachiraju/Mobiquity/target/surefire/surefirebooter15950990365618594100.jar"/>
    <property name="sun.management.compiler" value="HotSpot 64-Bit Tiered Compilers"/>
    <property name="ftp.nonProxyHosts" value="local|*.local|169.254/16|*.169.254/16|127.0.0.1|localhost|*.localhost"/>
    <property name="java.runtime.version" value="11.0.8+10"/>
    <property name="user.name" value="sailajamachiraju"/>
    <property name="path.separator" value=":"/>
    <property name="os.version" value="10.16"/>
    <property name="java.runtime.name" value="OpenJDK Runtime Environment"/>
    <property name="file.encoding" value="UTF-8"/>
    <property name="java.vm.name" value="OpenJDK 64-Bit Server VM"/>
    <property name="java.vendor.version" value="AdoptOpenJDK"/>
    <property name="localRepository" value="/Users/sailajamachiraju/.m2/repository"/>
    <property name="java.vendor.url.bug" value="https://github.com/AdoptOpenJDK/openjdk-support/issues"/>
    <property name="java.io.tmpdir" value="/var/folders/qk/_gl11dlx1bv673vr3_cz8mgr0000gn/T/"/>
    <property name="java.version" value="11.0.8"/>
    <property name="user.dir" value="/Users/sailajamachiraju/Mobiquity"/>
    <property name="os.arch" value="x86_64"/>
    <property name="java.vm.specification.name" value="Java Virtual Machine Specification"/>
    <property name="java.awt.printerjob" value="sun.lwawt.macosx.CPrinterJob"/>
    <property name="sun.os.patch.level" value="unknown"/>
    <property name="java.library.path" value="/Users/sailajamachiraju/Library/Java/Extensions:/Library/Java/Extensions:/Network/Library/Java/Extensions:/System/Library/Java/Extensions:/usr/lib/java:."/>
    <property name="java.vm.info" value="mixed mode"/>
    <property name="java.vendor" value="AdoptOpenJDK"/>
    <property name="java.vm.version" value="11.0.8+10"/>
    <property name="sun.io.unicode.encoding" value="UnicodeBig"/>
    <property name="java.class.version" value="55.0"/>
    <property name="socksNonProxyHosts" value="local|*.local|169.254/16|*.169.254/16|127.0.0.1|localhost|*.localhost"/>
  </properties>
  <testcase name="validateCommentsExceptionsScenarioForNonExistPostId" classname="com.org.testapi.TestForSampleAPI" time="2.32"/>
  <testcase name="validateCommentsExceptionsScenarioForNonExistPostIdAsQueryParameter" classname="com.org.testapi.TestForSampleAPI" time="0.31">
    <failure message="MisMatch HTTPS Status code &gt;&gt; GET /Comments?postId=1 expected [404] but found [200]" type="java.lang.AssertionError">java.lang.AssertionError: MisMatch HTTPS Status code >> GET /Comments?postId=1 expected [404] but found [200]
	at com.org.testapi.TestForSampleAPI.validateCommentsExceptionsScenarioForNonExistPostIdAsQueryParameter(TestForSampleAPI.java:156)
</failure>
  </testcase>
  <testcase name="validateForMultipleComments" classname="com.org.testapi.TestForSampleAPI" time="0.465"/>
  <testcase name="validateForMultipleCommentsWithQueryParameter" classname="com.org.testapi.TestForSampleAPI" time="0.318"/>
  <testcase name="validateForMultiplePostsPerUserComments" classname="com.org.testapi.TestForSampleAPI" time="0.248"/>
  <testcase name="validateJSONPlaceHolderWorkFlow" classname="com.org.testapi.TestForSampleAPI" time="1.365"/>
  <testcase name="validateUserPostsCommentsExceptionScenarioForNonExistUserId" classname="com.org.testapi.TestForSampleAPI" time="0.243">
    <failure message="MisMatch HTTPS Status code &gt;&gt; GET Posts/1456/comments expected [404] but found [200]" type="java.lang.AssertionError">java.lang.AssertionError: MisMatch HTTPS Status code >> GET Posts/1456/comments expected [404] but found [200]
	at com.org.testapi.TestForSampleAPI.validateUserPostsCommentsExceptionScenarioForNonExistUserId(TestForSampleAPI.java:106)
</failure>
  </testcase>
  <testcase name="validateUserPostsExceptionScenarioForNonExistUser" classname="com.org.testapi.TestForSampleAPI" time="0.247"/>
</testsuite>